<?xml version="1.0" encoding="UTF-8"?>
<testsuite name="Day_1_Test" tests="2" skipped="0" failures="0" errors="0" timestamp="2020-12-01T23:07:18" hostname="Sofias-MacBook-Pro-6.local" time="0.117">
  <properties/>
  <testcase name="canFindThreeEntriesThatEqual2020" classname="Day_1_Test" time="0.115"/>
  <testcase name="canFindTwoEntriesThatEqual2020" classname="Day_1_Test" time="0.001"/>
  <system-out><![CDATA[]]></system-out>
  <system-err><![CDATA[]]></system-err>
</testsuite>
