<?xml version="1.0" encoding="UTF-8"?>
<testsuite name="Day_3_Test" tests="3" skipped="0" failures="0" errors="0" timestamp="2020-12-05T12:21:44" hostname="Sofias-MacBook-Pro-6.local" time="0.07">
  <properties/>
  <testcase name="canReturnTreeCount" classname="Day_3_Test" time="0.054"/>
  <testcase name="canPrintTreePattern" classname="Day_3_Test" time="0.009"/>
  <testcase name="canReturnTreeCountMultiplied" classname="Day_3_Test" time="0.005"/>
  <system-out><![CDATA[]]></system-out>
  <system-err><![CDATA[]]></system-err>
</testsuite>
