<?xml version="1.0" encoding="UTF-8"?>
<testsuite name="Day_2_Test" tests="2" skipped="0" failures="0" errors="0" timestamp="2020-12-03T09:53:28" hostname="Sofias-MacBook-Pro-6.local" time="0.117">
  <properties/>
  <testcase name="canReturnAmountOfValidEntries_UpdatedPolicy" classname="Day_2_Test" time="0.111"/>
  <testcase name="canReturnAmountOfValidEntries" classname="Day_2_Test" time="0.005"/>
  <system-out><![CDATA[]]></system-out>
  <system-err><![CDATA[]]></system-err>
</testsuite>
